Removed Pin From Net: NetName=Enable 2 Pin=U1-29
Removed Pin From Net: NetName=Enable 2 Pin=U1-29
Removed Pin From Net: NetName=Enable 2 Pin=U1-29
Add Component: Footprint Not Found STM-FM-15
Added Pin To Net: NetName=DUAL 1 Pin=D2-1
Added Pin To Net: NetName=DUAL 3 Pin=D4-1
Added Pin To Net: NetName=DUAL 1 Pin=D6-2
Added Pin To Net: NetName=DUAL 3 Pin=D8-2
Added Pin To Net: NetName=Enable 1 Pin=U1-29
Added Pin To Net: NetName=Enable 1 Pin=U1-29
Added Pin To Net: NetName=Enable 1 Pin=U1-29
Add Pin To Net: Unknown Pin: Pin U2-2
Add Pin To Net: Unknown Pin: Pin U2-3
Add Pin To Net: Unknown Pin: Pin U2-4
Add Pin To Net: Unknown Pin: Pin U2-5
Add Pin To Net: Unknown Pin: Pin U2-6
Add Pin To Net: Unknown Pin: Pin U2-7
Add Pin To Net: Unknown Pin: Pin U2-8
Add Pin To Net: Unknown Pin: Pin U2-9
Add Pin To Net: Unknown Pin: Pin U2-10
Add Pin To Net: Unknown Pin: Pin U2-11
Add Pin To Net: Unknown Pin: Pin U2-12
Add Pin To Net: Unknown Pin: Pin U2-13
Add Pin To Net: Unknown Pin: Pin U2-14
Add Pin To Net: Unknown Pin: Pin U2-15
Add Class Member: Failed to add class member : Component U2 L298N
Added Room: Name=Tarefinha
